Running: /opt/Xilinx/14.7/ISE_DS/ISE/bin/lin64/unwrapped/fuse -intstyle ise -incremental -o /home/lab661/Documents/xsigmu06/Digital-electronics-1/Labs/04-adder/binary_adder/top_tb00_isim_beh.exe -prj /home/lab661/Documents/xsigmu06/Digital-electronics-1/Labs/04-adder/binary_adder/top_tb00_beh.prj work.top_tb00 
ISim P.20131013 (signature 0xfbc00daa)
Number of CPUs detected in this system: 2
Turning on mult-threading, number of parallel sub-compilation jobs: 4 
Determining compilation order of HDL files
Parsing VHDL file "/home/lab661/Documents/xsigmu06/Digital-electronics-1/Labs/04-adder/binary_adder/half_adder.vhd" into library work
Parsing VHDL file "/home/lab661/Documents/xsigmu06/Digital-electronics-1/Labs/04-adder/binary_adder/full_adder.vhd" into library work
Parsing VHDL file "/home/lab661/Documents/xsigmu06/Digital-electronics-1/Labs/04-adder/binary_adder/top_tb00.vhd" into library work
Starting static elaboration
Completed static elaboration
Fuse Memory Usage: 99228 KB
Fuse CPU Usage: 1380 ms
Compiling package standard
Compiling package std_logic_1164
Compiling architecture behavioral of entity half_adder [half_adder_default]
Compiling architecture behavioral of entity full_adder [full_adder_default]
Compiling architecture behavior of entity top_tb00
Time Resolution for simulation is 1ps.
Waiting for 1 sub-compilation(s) to finish...
Compiled 7 VHDL Units
Built simulation executable /home/lab661/Documents/xsigmu06/Digital-electronics-1/Labs/04-adder/binary_adder/top_tb00_isim_beh.exe
Fuse Memory Usage: 402816 KB
Fuse CPU Usage: 1420 ms
GCC CPU Usage: 720 ms
