Release 14.7 - xst P.20131013 (lin64)
Copyright (c) 1995-2013 Xilinx, Inc.  All rights reserved.
--> 
Parameter TMPDIR set to xst/projnav.tmp


Total REAL time to Xst completion: 0.00 secs
Total CPU time to Xst completion: 0.31 secs
 
--> 
Parameter xsthdpdir set to xst


Total REAL time to Xst completion: 0.00 secs
Total CPU time to Xst completion: 0.31 secs
 
--> 
Reading design: driver_7seg.prj

TABLE OF CONTENTS
  1) Synthesis Options Summary
  2) HDL Parsing
  3) HDL Elaboration
  4) HDL Synthesis
       4.1) HDL Synthesis Report
  5) Advanced HDL Synthesis
       5.1) Advanced HDL Synthesis Report
  6) Low Level Synthesis
  7) Partition Report
  8) Design Summary
       8.1) Primitive and Black Box Usage
       8.2) Device utilization summary
       8.3) Partition Resource Summary
       8.4) Timing Report
            8.4.1) Clock Information
            8.4.2) Asynchronous Control Signals Information
            8.4.3) Timing Summary
            8.4.4) Timing Details
            8.4.5) Cross Clock Domains Report


=========================================================================
*                      Synthesis Options Summary                        *
=========================================================================
---- Source Parameters
Input File Name                    : "driver_7seg.prj"
Ignore Synthesis Constraint File   : NO

---- Target Parameters
Output File Name                   : "driver_7seg"
Output Format                      : NGC
Target Device                      : xc7a100t-3-fgg484

---- Source Options
Top Module Name                    : driver_7seg
Automatic FSM Extraction           : YES
FSM Encoding Algorithm             : Auto
Safe Implementation                : No
FSM Style                          : LUT
RAM Extraction                     : Yes
RAM Style                          : Auto
ROM Extraction                     : Yes
Shift Register Extraction          : YES
ROM Style                          : Auto
Resource Sharing                   : YES
Asynchronous To Synchronous        : NO
Shift Register Minimum Size        : 2
Use DSP Block                      : Auto
Automatic Register Balancing       : No

---- Target Options
LUT Combining                      : Auto
Reduce Control Sets                : Auto
Add IO Buffers                     : YES
Global Maximum Fanout              : 100000
Add Generic Clock Buffer(BUFG)     : 32
Register Duplication               : YES
Optimize Instantiated Primitives   : NO
Use Clock Enable                   : Auto
Use Synchronous Set                : Auto
Use Synchronous Reset              : Auto
Pack IO Registers into IOBs        : Auto
Equivalent register Removal        : YES

---- General Options
Optimization Goal                  : Speed
Optimization Effort                : 1
Power Reduction                    : NO
Keep Hierarchy                     : No
Netlist Hierarchy                  : As_Optimized
RTL Output                         : Yes
Global Optimization                : AllClockNets
Read Cores                         : YES
Write Timing Constraints           : NO
Cross Clock Analysis               : NO
Hierarchy Separator                : /
Bus Delimiter                      : <>
Case Specifier                     : Maintain
Slice Utilization Ratio            : 100
BRAM Utilization Ratio             : 100
DSP48 Utilization Ratio            : 100
Auto BRAM Packing                  : NO
Slice Utilization Ratio Delta      : 5

=========================================================================


=========================================================================
*                          HDL Parsing                                  *
=========================================================================
Parsing VHDL file "/home/ise/xsigmu06/06-display_driver/display_driver/hex_to_7seg.vhd" into library work
Parsing entity <hex_to_7seg>.
Parsing architecture <Behavioral> of entity <hex_to_7seg>.
Parsing VHDL file "/home/ise/xsigmu06/06-display_driver/display_driver/clock_enable.vhd" into library work
Parsing entity <clock_enable>.
Parsing architecture <Behavioral> of entity <clock_enable>.
Parsing VHDL file "/home/ise/xsigmu06/06-display_driver/display_driver/driver_7seg.vhd" into library work
Parsing entity <driver_7seg>.
Parsing architecture <Behavioral> of entity <driver_7seg>.

=========================================================================
*                            HDL Elaboration                            *
=========================================================================

Elaborating entity <driver_7seg> (architecture <Behavioral>) from library <work>.

Elaborating entity <clock_enable> (architecture <Behavioral>) with generics from library <work>.

Elaborating entity <hex_to_7seg> (architecture <Behavioral>) from library <work>.

=========================================================================
*                           HDL Synthesis                               *
=========================================================================

Synthesizing Unit <driver_7seg>.
    Related source file is "/home/ise/xsigmu06/06-display_driver/display_driver/driver_7seg.vhd".
    Found 2-bit register for signal <s_cnt>.
    Found 2-bit adder for signal <s_cnt[1]_GND_5_o_add_0_OUT> created at line 83.
    Found 4x4-bit Read Only RAM for signal <dig_o>
    Found 4-bit 4-to-1 multiplexer for signal <s_hex> created at line 94.
    Found 1-bit 4-to-1 multiplexer for signal <dp_o> created at line 94.
    Summary:
	inferred   1 RAM(s).
	inferred   1 Adder/Subtractor(s).
	inferred   2 D-type flip-flop(s).
	inferred   2 Multiplexer(s).
Unit <driver_7seg> synthesized.

Synthesizing Unit <clock_enable>.
    Related source file is "/home/ise/xsigmu06/06-display_driver/display_driver/clock_enable.vhd".
        g_NPERIOD = "0000000000101000"
    Found 1-bit register for signal <clock_enable_o>.
    Found 16-bit register for signal <s_cnt>.
    Found 16-bit adder for signal <s_cnt[15]_GND_6_o_add_1_OUT> created at line 53.
    Found 16-bit comparator greater for signal <n0001> created at line 49
    Summary:
	inferred   1 Adder/Subtractor(s).
	inferred  17 D-type flip-flop(s).
	inferred   1 Comparator(s).
Unit <clock_enable> synthesized.

Synthesizing Unit <hex_to_7seg>.
    Related source file is "/home/ise/xsigmu06/06-display_driver/display_driver/hex_to_7seg.vhd".
    Found 16x7-bit Read Only RAM for signal <seg_o>
    Summary:
	inferred   1 RAM(s).
Unit <hex_to_7seg> synthesized.

=========================================================================
HDL Synthesis Report

Macro Statistics
# RAMs                                                 : 2
 16x7-bit single-port Read Only RAM                    : 1
 4x4-bit single-port Read Only RAM                     : 1
# Adders/Subtractors                                   : 2
 16-bit adder                                          : 1
 2-bit adder                                           : 1
# Registers                                            : 3
 1-bit register                                        : 1
 16-bit register                                       : 1
 2-bit register                                        : 1
# Comparators                                          : 1
 16-bit comparator greater                             : 1
# Multiplexers                                         : 2
 1-bit 4-to-1 multiplexer                              : 1
 4-bit 4-to-1 multiplexer                              : 1

=========================================================================

=========================================================================
*                       Advanced HDL Synthesis                          *
=========================================================================


Synthesizing (advanced) Unit <clock_enable>.
The following registers are absorbed into counter <s_cnt>: 1 register on signal <s_cnt>.
Unit <clock_enable> synthesized (advanced).

Synthesizing (advanced) Unit <driver_7seg>.
The following registers are absorbed into counter <s_cnt>: 1 register on signal <s_cnt>.
INFO:Xst:3218 - HDL ADVISOR - The RAM <Mram_dig_o> will be implemented on LUTs either because you have described an asynchronous read or because of currently unsupported block RAM features. If you have described an asynchronous read, making it synchronous would allow you to take advantage of available block RAM resources, for optimized device usage and improved timings. Please refer to your documentation for coding guidelines.
    -----------------------------------------------------------------------
    | ram_type           | Distributed                         |          |
    -----------------------------------------------------------------------
    | Port A                                                              |
    |     aspect ratio   | 4-word x 4-bit                      |          |
    |     weA            | connected to signal <GND>           | high     |
    |     addrA          | connected to signal <s_cnt>         |          |
    |     diA            | connected to signal <GND>           |          |
    |     doA            | connected to signal <dig_o>         |          |
    -----------------------------------------------------------------------
Unit <driver_7seg> synthesized (advanced).

Synthesizing (advanced) Unit <hex_to_7seg>.
INFO:Xst:3218 - HDL ADVISOR - The RAM <Mram_seg_o> will be implemented on LUTs either because you have described an asynchronous read or because of currently unsupported block RAM features. If you have described an asynchronous read, making it synchronous would allow you to take advantage of available block RAM resources, for optimized device usage and improved timings. Please refer to your documentation for coding guidelines.
    -----------------------------------------------------------------------
    | ram_type           | Distributed                         |          |
    -----------------------------------------------------------------------
    | Port A                                                              |
    |     aspect ratio   | 16-word x 7-bit                     |          |
    |     weA            | connected to signal <GND>           | high     |
    |     addrA          | connected to signal <hex_i>         |          |
    |     diA            | connected to signal <GND>           |          |
    |     doA            | connected to signal <seg_o>         |          |
    -----------------------------------------------------------------------
Unit <hex_to_7seg> synthesized (advanced).

=========================================================================
Advanced HDL Synthesis Report

Macro Statistics
# RAMs                                                 : 2
 16x7-bit single-port distributed Read Only RAM        : 1
 4x4-bit single-port distributed Read Only RAM         : 1
# Counters                                             : 2
 16-bit up counter                                     : 1
 2-bit up counter                                      : 1
# Registers                                            : 1
 Flip-Flops                                            : 1
# Comparators                                          : 1
 16-bit comparator greater                             : 1
# Multiplexers                                         : 2
 1-bit 4-to-1 multiplexer                              : 1
 4-bit 4-to-1 multiplexer                              : 1

=========================================================================

=========================================================================
*                         Low Level Synthesis                           *
=========================================================================

Optimizing unit <driver_7seg> ...
WARNING:Xst:1293 - FF/Latch <CLK_EN/s_cnt_7> has a constant value of 0 in block <driver_7seg>. This FF/Latch will be trimmed during the optimization process.
WARNING:Xst:1896 - Due to other FF/Latch trimming, FF/Latch <CLK_EN/s_cnt_6> has a constant value of 0 in block <driver_7seg>. This FF/Latch will be trimmed during the optimization process.
WARNING:Xst:1896 - Due to other FF/Latch trimming, FF/Latch <CLK_EN/s_cnt_10> has a constant value of 0 in block <driver_7seg>. This FF/Latch will be trimmed during the optimization process.
WARNING:Xst:1896 - Due to other FF/Latch trimming, FF/Latch <CLK_EN/s_cnt_8> has a constant value of 0 in block <driver_7seg>. This FF/Latch will be trimmed during the optimization process.
WARNING:Xst:1896 - Due to other FF/Latch trimming, FF/Latch <CLK_EN/s_cnt_9> has a constant value of 0 in block <driver_7seg>. This FF/Latch will be trimmed during the optimization process.
WARNING:Xst:1896 - Due to other FF/Latch trimming, FF/Latch <CLK_EN/s_cnt_13> has a constant value of 0 in block <driver_7seg>. This FF/Latch will be trimmed during the optimization process.
WARNING:Xst:1896 - Due to other FF/Latch trimming, FF/Latch <CLK_EN/s_cnt_11> has a constant value of 0 in block <driver_7seg>. This FF/Latch will be trimmed during the optimization process.
WARNING:Xst:1896 - Due to other FF/Latch trimming, FF/Latch <CLK_EN/s_cnt_12> has a constant value of 0 in block <driver_7seg>. This FF/Latch will be trimmed during the optimization process.
WARNING:Xst:1896 - Due to other FF/Latch trimming, FF/Latch <CLK_EN/s_cnt_14> has a constant value of 0 in block <driver_7seg>. This FF/Latch will be trimmed during the optimization process.
WARNING:Xst:1896 - Due to other FF/Latch trimming, FF/Latch <CLK_EN/s_cnt_15> has a constant value of 0 in block <driver_7seg>. This FF/Latch will be trimmed during the optimization process.

Mapping all equations...
Building and optimizing final netlist ...
Found area constraint ratio of 100 (+ 5) on block driver_7seg, actual ratio is 0.

Final Macro Processing ...

=========================================================================
Final Register Report

Macro Statistics
# Registers                                            : 9
 Flip-Flops                                            : 9

=========================================================================

=========================================================================
*                           Partition Report                            *
=========================================================================

Partition Implementation Status
-------------------------------

  No Partitions were found in this design.

-------------------------------

=========================================================================
*                            Design Summary                             *
=========================================================================

Top Level Output File Name         : driver_7seg.ngc

Primitive and Black Box Usage:
------------------------------
# BELS                             : 42
#      GND                         : 1
#      INV                         : 3
#      LUT1                        : 5
#      LUT2                        : 6
#      LUT3                        : 1
#      LUT4                        : 7
#      LUT6                        : 7
#      MUXCY                       : 5
#      VCC                         : 1
#      XORCY                       : 6
# FlipFlops/Latches                : 9
#      FD                          : 1
#      FDR                         : 6
#      FDRE                        : 2
# Clock Buffers                    : 1
#      BUFGP                       : 1
# IO Buffers                       : 33
#      IBUF                        : 21
#      OBUF                        : 12

Device utilization summary:
---------------------------

Selected Device : 7a100tfgg484-3 


Slice Logic Utilization: 
 Number of Slice Registers:               9  out of  126800     0%  
 Number of Slice LUTs:                   29  out of  63400     0%  
    Number used as Logic:                29  out of  63400     0%  

Slice Logic Distribution: 
 Number of LUT Flip Flop pairs used:     29
   Number with an unused Flip Flop:      20  out of     29    68%  
   Number with an unused LUT:             0  out of     29     0%  
   Number of fully used LUT-FF pairs:     9  out of     29    31%  
   Number of unique control sets:         4

IO Utilization: 
 Number of IOs:                          34
 Number of bonded IOBs:                  34  out of    285    11%  

Specific Feature Utilization:
 Number of BUFG/BUFGCTRLs:                1  out of     32     3%  

---------------------------
Partition Resource Summary:
---------------------------

  No Partitions were found in this design.

---------------------------


=========================================================================
Timing Report

NOTE: THESE TIMING NUMBERS ARE ONLY A SYNTHESIS ESTIMATE.
      FOR ACCURATE TIMING INFORMATION PLEASE REFER TO THE TRACE REPORT
      GENERATED AFTER PLACE-and-ROUTE.

Clock Information:
------------------
-----------------------------------+------------------------+-------+
Clock Signal                       | Clock buffer(FF name)  | Load  |
-----------------------------------+------------------------+-------+
clk_i                              | BUFGP                  | 9     |
-----------------------------------+------------------------+-------+

Asynchronous Control Signals Information:
----------------------------------------
No asynchronous control signals found in this design

Timing Summary:
---------------
Speed Grade: -3

   Minimum period: 2.205ns (Maximum Frequency: 453.556MHz)
   Minimum input arrival time before clock: 1.134ns
   Maximum output required time after clock: 2.158ns
   Maximum combinational path delay: 1.615ns

Timing Details:
---------------
All values displayed in nanoseconds (ns)

=========================================================================
Timing constraint: Default period analysis for Clock 'clk_i'
  Clock period: 2.205ns (frequency: 453.556MHz)
  Total number of paths / destination ports: 68 / 16
-------------------------------------------------------------------------
Delay:               2.205ns (Levels of Logic = 2)
  Source:            CLK_EN/s_cnt_4 (FF)
  Destination:       CLK_EN/s_cnt_2 (FF)
  Source Clock:      clk_i rising
  Destination Clock: clk_i rising

  Data Path: CLK_EN/s_cnt_4 to CLK_EN/s_cnt_2
                                Gate     Net
    Cell:in->out      fanout   Delay   Delay  Logical Name (Net Name)
    ----------------------------------------  ------------
     FDR:C->Q              3   0.361   0.703  CLK_EN/s_cnt_4 (CLK_EN/s_cnt_4)
     LUT6:I0->O            2   0.097   0.299  CLK_EN/n000121 (CLK_EN/n0001)
     LUT2:I1->O            5   0.097   0.298  CLK_EN/Mcount_s_cnt_val1 (CLK_EN/Mcount_s_cnt_val)
     FDR:R                     0.349          CLK_EN/s_cnt_5
    ----------------------------------------
    Total                      2.205ns (0.904ns logic, 1.301ns route)
                                       (41.0% logic, 59.0% route)

=========================================================================
Timing constraint: Default OFFSET IN BEFORE for Clock 'clk_i'
  Total number of paths / destination ports: 9 / 9
-------------------------------------------------------------------------
Offset:              1.134ns (Levels of Logic = 2)
  Source:            srst_n_i (PAD)
  Destination:       CLK_EN/s_cnt_2 (FF)
  Destination Clock: clk_i rising

  Data Path: srst_n_i to CLK_EN/s_cnt_2
                                Gate     Net
    Cell:in->out      fanout   Delay   Delay  Logical Name (Net Name)
    ----------------------------------------  ------------
     IBUF:I->O             3   0.001   0.389  srst_n_i_IBUF (srst_n_i_IBUF)
     LUT2:I0->O            5   0.097   0.298  CLK_EN/Mcount_s_cnt_val1 (CLK_EN/Mcount_s_cnt_val)
     FDR:R                     0.349          CLK_EN/s_cnt_5
    ----------------------------------------
    Total                      1.134ns (0.447ns logic, 0.687ns route)
                                       (39.4% logic, 60.6% route)

=========================================================================
Timing constraint: Default OFFSET OUT AFTER for Clock 'clk_i'
  Total number of paths / destination ports: 66 / 12
-------------------------------------------------------------------------
Offset:              2.158ns (Levels of Logic = 3)
  Source:            s_cnt_0 (FF)
  Destination:       seg_o<6> (PAD)
  Source Clock:      clk_i rising

  Data Path: s_cnt_0 to seg_o<6>
                                Gate     Net
    Cell:in->out      fanout   Delay   Delay  Logical Name (Net Name)
    ----------------------------------------  ------------
     FDRE:C->Q            11   0.361   0.740  s_cnt_0 (s_cnt_0)
     LUT6:I0->O            7   0.097   0.584  Mmux_s_hex11 (s_hex<0>)
     LUT4:I0->O            1   0.097   0.279  HEX2SEG/Mram_seg_o21 (seg_o_2_OBUF)
     OBUF:I->O                 0.000          seg_o_2_OBUF (seg_o<2>)
    ----------------------------------------
    Total                      2.158ns (0.555ns logic, 1.603ns route)
                                       (25.7% logic, 74.3% route)

=========================================================================
Timing constraint: Default path analysis
  Total number of paths / destination ports: 116 / 8
-------------------------------------------------------------------------
Delay:               1.615ns (Levels of Logic = 4)
  Source:            data3_i<0> (PAD)
  Destination:       seg_o<6> (PAD)

  Data Path: data3_i<0> to seg_o<6>
                                Gate     Net
    Cell:in->out      fanout   Delay   Delay  Logical Name (Net Name)
    ----------------------------------------  ------------
     IBUF:I->O             1   0.001   0.556  data3_i_0_IBUF (data3_i_0_IBUF)
     LUT6:I2->O            7   0.097   0.584  Mmux_s_hex11 (s_hex<0>)
     LUT4:I0->O            1   0.097   0.279  HEX2SEG/Mram_seg_o21 (seg_o_2_OBUF)
     OBUF:I->O                 0.000          seg_o_2_OBUF (seg_o<2>)
    ----------------------------------------
    Total                      1.615ns (0.195ns logic, 1.420ns route)
                                       (12.1% logic, 87.9% route)

=========================================================================

Cross Clock Domains Report:
--------------------------

Clock to Setup on destination clock clk_i
---------------+---------+---------+---------+---------+
               | Src:Rise| Src:Fall| Src:Rise| Src:Fall|
Source Clock   |Dest:Rise|Dest:Rise|Dest:Fall|Dest:Fall|
---------------+---------+---------+---------+---------+
clk_i          |    2.205|         |         |         |
---------------+---------+---------+---------+---------+

=========================================================================


Total REAL time to Xst completion: 66.00 secs
Total CPU time to Xst completion: 53.93 secs
 
--> 


Total memory usage is 506012 kilobytes

Number of errors   :    0 (   0 filtered)
Number of warnings :   10 (   0 filtered)
Number of infos    :    2 (   0 filtered)

