Running: /opt/Xilinx/14.7/ISE_DS/ISE/bin/lin64/unwrapped/fuse -intstyle ise -incremental -lib secureip -o /home/ise/xsigmu06/06-display_driver/display_driver/driver_7seg_tb00_isim_beh.exe -prj /home/ise/xsigmu06/06-display_driver/display_driver/driver_7seg_tb00_beh.prj work.driver_7seg_tb00 
ISim P.20131013 (signature 0xfbc00daa)
Number of CPUs detected in this system: 1
Turning on mult-threading, number of parallel sub-compilation jobs: 0 
Determining compilation order of HDL files
Parsing VHDL file "/home/ise/xsigmu06/06-display_driver/display_driver/hex_to_7seg.vhd" into library work
Parsing VHDL file "/home/ise/xsigmu06/06-display_driver/display_driver/clock_enable.vhd" into library work
Parsing VHDL file "/home/ise/xsigmu06/06-display_driver/display_driver/driver_7seg.vhd" into library work
Parsing VHDL file "/home/ise/xsigmu06/06-display_driver/display_driver/driver_7seg_tb00.vhd" into library work
Starting static elaboration
Completed static elaboration
Fuse Memory Usage: 96680 KB
Fuse CPU Usage: 3600 ms
Compiling package standard
Compiling package std_logic_1164
Compiling package std_logic_arith
Compiling package std_logic_unsigned
Compiling architecture behavioral of entity clock_enable [\clock_enable(('0','0','0','0','...]
Compiling architecture behavioral of entity hex_to_7seg [hex_to_7seg_default]
Compiling architecture behavioral of entity driver_7seg [driver_7seg_default]
Compiling architecture behavior of entity driver_7seg_tb00
Time Resolution for simulation is 1ps.
Compiled 11 VHDL Units
Built simulation executable /home/ise/xsigmu06/06-display_driver/display_driver/driver_7seg_tb00_isim_beh.exe
Fuse Memory Usage: 111972 KB
Fuse CPU Usage: 3980 ms
GCC CPU Usage: 910 ms
