Command line:
   top_tb00_isim_beh.exe
     -simmode  gui
     -simrunnum  0
     -socket  56050

Fri Apr 24 14:50:34 2020


 Elaboration Time: 0.046875 sec

 Current Memory Usage: 5159.76 Meg

 Total Signals          : 63
 Total Nets             : 172
 Total Signal Drivers   : 24
 Total Blocks           : 12
 Total Primitive Blocks : 8
 Total Processes        : 13
 Total Traceable Variables  : 23
 Total Scalar Nets and Variables : 744
Total Line Count : 99
Total Line Count : 99

 Total Simulation Time: 147.797 sec

 Current Memory Usage: 5002.47 Meg

Fri Apr 24 14:53:39 2020

