Running: F:\xilinx\14.7\ISE_DS\ISE\bin\nt64\unwrapped\fuse.exe -intstyle ise -incremental -lib secureip -o F:/projekty_de/traffic_lights/top_tb00_isim_beh.exe -prj F:/projekty_de/traffic_lights/top_tb00_beh.prj work.top_tb00 
ISim P.20131013 (signature 0x7708f090)
Number of CPUs detected in this system: 4
Turning on mult-threading, number of parallel sub-compilation jobs: 8 
Determining compilation order of HDL files
Parsing VHDL file "F:/projekty_de/traffic_lights/traffic_lights.vhd" into library work
Parsing VHDL file "F:/projekty_de/traffic_lights/clock_enable.vhd" into library work
Parsing VHDL file "F:/projekty_de/traffic_lights/top.vhd" into library work
Parsing VHDL file "F:/projekty_de/traffic_lights/top_tb00.vhd" into library work
Starting static elaboration
Completed static elaboration
Compiling package standard
Compiling package std_logic_1164
Compiling package numeric_std
Compiling package std_logic_arith
Compiling package std_logic_unsigned
Compiling architecture behavioral of entity clock_enable [\clock_enable(('0','0','1','0','...]
Compiling architecture behavioral of entity traffic_lights [traffic_lights_default]
Compiling architecture behavioral of entity top [top_default]
Compiling architecture behavior of entity top_tb00
Time Resolution for simulation is 1ps.
Waiting for 1 sub-compilation(s) to finish...
Compiled 12 VHDL Units
Built simulation executable F:/projekty_de/traffic_lights/top_tb00_isim_beh.exe
Fuse Memory Usage: 36820 KB
Fuse CPU Usage: 608 ms
