Running: /opt/Xilinx/14.7/ISE_DS/ISE/bin/lin64/unwrapped/fuse -intstyle ise -incremental -o /home/ise/xsigmu06/07/stopwatch/stopwatch_tb_isim_beh.exe -prj /home/ise/xsigmu06/07/stopwatch/stopwatch_tb_beh.prj work.stopwatch_tb 
ISim P.20131013 (signature 0xfbc00daa)
Number of CPUs detected in this system: 1
Turning on mult-threading, number of parallel sub-compilation jobs: 0 
Determining compilation order of HDL files
Parsing VHDL file "/home/ise/xsigmu06/07/stopwatch/stopwatch_counter.vhd" into library work
Parsing VHDL file "/home/ise/xsigmu06/07/stopwatch/stopwatch_tb00.vhd" into library work
Starting static elaboration
Completed static elaboration
Fuse Memory Usage: 96828 KB
Fuse CPU Usage: 3180 ms
Compiling package standard
Compiling package std_logic_1164
Compiling package numeric_std
Compiling architecture behavioral of entity stopwatch [stopwatch_default]
Compiling architecture behavior of entity stopwatch_tb
Time Resolution for simulation is 1ps.
Compiled 6 VHDL Units
Built simulation executable /home/ise/xsigmu06/07/stopwatch/stopwatch_tb_isim_beh.exe
Fuse Memory Usage: 111532 KB
Fuse CPU Usage: 3620 ms
GCC CPU Usage: 680 ms
