Command line:
   top_tb00_isim_beh.exe
     -simmode  gui
     -simrunnum  0
     -socket  54270

Thu Mar 26 14:31:31 2020


 Elaboration Time: 0.046875 sec

 Current Memory Usage: 5159.73 Meg

 Total Signals          : 28
 Total Nets             : 36
 Total Signal Drivers   : 13
 Total Blocks           : 8
 Total Primitive Blocks : 6
 Total Processes        : 11
 Total Traceable Variables  : 19
 Total Scalar Nets and Variables : 562
Total Line Count : 70

 Total Simulation Time: 148.406 sec

 Current Memory Usage: 5002.44 Meg

Thu Mar 26 14:34:07 2020

