Running: F:\xilinx\14.7\ISE_DS\ISE\bin\nt64\unwrapped\fuse.exe -intstyle ise -incremental -o F:/projekty_de/hc-sr04/top_tb00_isim_beh.exe -prj F:/projekty_de/hc-sr04/top_tb00_beh.prj work.top_tb00 
ISim P.20131013 (signature 0x7708f090)
Number of CPUs detected in this system: 4
Turning on mult-threading, number of parallel sub-compilation jobs: 8 
Determining compilation order of HDL files
Parsing VHDL file "F:/projekty_de/hc-sr04/hex_to_7seg.vhd" into library work
Parsing VHDL file "F:/projekty_de/hc-sr04/clock_enable.vhd" into library work
Parsing VHDL file "F:/projekty_de/hc-sr04/hc_sr04.vhd" into library work
Parsing VHDL file "F:/projekty_de/hc-sr04/driver_7seg.vhd" into library work
Parsing VHDL file "F:/projekty_de/hc-sr04/binary_2bcd.vhd" into library work
Parsing VHDL file "F:/projekty_de/hc-sr04/Top.vhd" into library work
Parsing VHDL file "F:/projekty_de/hc-sr04/top_tb00.vhd" into library work
Starting static elaboration
Completed static elaboration
Compiling package standard
Compiling package std_logic_1164
Compiling package numeric_std
Compiling package std_logic_arith
Compiling package std_logic_unsigned
Compiling architecture behavioral of entity clock_enable [\clock_enable(('0','0','0','0','...]
Compiling architecture behavioral of entity hc_sr04 [hc_sr04_default]
Compiling architecture behavioral of entity binary_2bcd [binary_2bcd_default]
Compiling architecture behavioral of entity clock_enable [\clock_enable(('0','0','0','0','...]
Compiling architecture behavioral of entity hex_to_7seg [hex_to_7seg_default]
Compiling architecture behavioral of entity driver_7seg [driver_7seg_default]
Compiling architecture behavioral of entity Top [top_default]
Compiling architecture behavior of entity top_tb00
Time Resolution for simulation is 1ps.
Waiting for 5 sub-compilation(s) to finish...
Compiled 20 VHDL Units
Built simulation executable F:/projekty_de/hc-sr04/top_tb00_isim_beh.exe
Fuse Memory Usage: 36320 KB
Fuse CPU Usage: 749 ms
